-------------------------------------------------------------------------------
Test set: com.mycompany.chatapp1.MessageTest
-------------------------------------------------------------------------------
Tests run: 1, Failures: 0, Errors: 1, Skipped: 0, Time elapsed: 0.129 s <<< FAILURE! -- in com.mycompany.chatapp1.MessageTest
com.mycompany.chatapp1.MessageTest.testReturnTotalMessages -- Time elapsed: 0.081 s <<< ERROR!
java.lang.NullPointerException: Cannot invoke "java.util.List.size()" because "list" is null
	at com.mycompany.chatapp1.Message.returnTotalMessages(Message.java:75)
	at com.mycompany.chatapp1.MessageTest.testReturnTotalMessages(MessageTest.java:118)
	at java.base/java.lang.reflect.Method.invoke(Method.java:565)
	at java.base/java.util.ArrayList.forEach(ArrayList.java:1604)
	at java.base/java.util.ArrayList.forEach(ArrayList.java:1604)

